<?xml version="1.0" encoding="UTF-8"?>
<testng-results skipped="0" failed="1" ignored="0" total="1" passed="0">
  <reporter-output>
  </reporter-output>
  <suite name="Default suite" duration-ms="25698" started-at="2019-12-25T02:28:38 IST" finished-at="2019-12-25T02:29:03 IST">
    <groups>
    </groups>
    <test name="Default test" duration-ms="25698" started-at="2019-12-25T02:28:38 IST" finished-at="2019-12-25T02:29:03 IST">
      <class name="com.task.tripadvisor.TripAdvisorTest">
        <test-method status="PASS" signature="configBeforeSuite()[pri:0, instance:com.task.tripadvisor.TripAdvisorTest@184f6be2]" name="configBeforeSuite" is-config="true" duration-ms="23" started-at="2019-12-25T02:28:38 IST" finished-at="2019-12-25T02:28:38 IST">
          <reporter-output>
          </reporter-output>
        </test-method> <!-- configBeforeSuite -->
        <test-method status="PASS" signature="configBC()[pri:0, instance:com.task.tripadvisor.TripAdvisorTest@184f6be2]" name="configBC" is-config="true" duration-ms="19628" started-at="2019-12-25T02:28:38 IST" finished-at="2019-12-25T02:28:57 IST">
          <reporter-output>
          </reporter-output>
        </test-method> <!-- configBC -->
        <test-method status="FAIL" signature="searchAndreviewTest()[pri:0, instance:com.task.tripadvisor.TripAdvisorTest@184f6be2]" name="searchAndreviewTest" duration-ms="19" started-at="2019-12-25T02:28:58 IST" finished-at="2019-12-25T02:28:58 IST">
          <exception class="java.lang.NullPointerException">
            <full-stacktrace>
              <![CDATA[java.lang.NullPointerException
at java.util.Objects.requireNonNull(Objects.java:203)
at org.openqa.selenium.interactions.Actions.<init>(Actions.java:65)
at com.task.objectrepository.assignment2.TripAdvisorPage.<init>(TripAdvisorPage.java:22)
at com.task.tripadvisor.TripAdvisorTest.searchAndreviewTest(TripAdvisorTest.java:17)
at sun.reflect.NativeMethodAccessorImpl.invoke0(Native Method)
at sun.reflect.NativeMethodAccessorImpl.invoke(NativeMethodAccessorImpl.java:62)
at sun.reflect.DelegatingMethodAccessorImpl.invoke(DelegatingMethodAccessorImpl.java:43)
at java.lang.reflect.Method.invoke(Method.java:498)
at org.testng.internal.MethodInvocationHelper.invokeMethod(MethodInvocationHelper.java:133)
at org.testng.internal.TestInvoker.invokeMethod(TestInvoker.java:584)
at org.testng.internal.TestInvoker.invokeTestMethod(TestInvoker.java:172)
at org.testng.internal.MethodRunner.runInSequence(MethodRunner.java:46)
at org.testng.internal.TestInvoker$MethodInvocationAgent.invoke(TestInvoker.java:804)
at org.testng.internal.TestInvoker.invokeTestMethods(TestInvoker.java:145)
at org.testng.internal.TestMethodWorker.invokeTestMethods(TestMethodWorker.java:146)
at org.testng.internal.TestMethodWorker.run(TestMethodWorker.java:128)
at java.util.ArrayList.forEach(ArrayList.java:1257)
at org.testng.TestRunner.privateRun(TestRunner.java:770)
at org.testng.TestRunner.run(TestRunner.java:591)
at org.testng.SuiteRunner.runTest(SuiteRunner.java:402)
at org.testng.SuiteRunner.runSequentially(SuiteRunner.java:396)
at org.testng.SuiteRunner.privateRun(SuiteRunner.java:355)
at org.testng.SuiteRunner.run(SuiteRunner.java:304)
at org.testng.SuiteRunnerWorker.runSuite(SuiteRunnerWorker.java:53)
at org.testng.SuiteRunnerWorker.run(SuiteRunnerWorker.java:96)
at org.testng.TestNG.runSuitesSequentially(TestNG.java:1180)
at org.testng.TestNG.runSuitesLocally(TestNG.java:1102)
at org.testng.TestNG.runSuites(TestNG.java:1032)
at org.testng.TestNG.run(TestNG.java:1000)
at org.testng.remote.AbstractRemoteTestNG.run(AbstractRemoteTestNG.java:115)
at org.testng.remote.RemoteTestNG.initAndRun(RemoteTestNG.java:251)
at org.testng.remote.RemoteTestNG.main(RemoteTestNG.java:77)
]]>
            </full-stacktrace>
          </exception> <!-- java.lang.NullPointerException -->
          <reporter-output>
          </reporter-output>
        </test-method> <!-- searchAndreviewTest -->
        <test-method status="PASS" signature="configAC()[pri:0, instance:com.task.tripadvisor.TripAdvisorTest@184f6be2]" name="configAC" is-config="true" duration-ms="5649" started-at="2019-12-25T02:28:58 IST" finished-at="2019-12-25T02:29:03 IST">
          <reporter-output>
          </reporter-output>
        </test-method> <!-- configAC -->
        <test-method status="PASS" signature="configAfterSuite()[pri:0, instance:com.task.tripadvisor.TripAdvisorTest@184f6be2]" name="configAfterSuite" is-config="true" duration-ms="19" started-at="2019-12-25T02:29:04 IST" finished-at="2019-12-25T02:29:04 IST">
          <reporter-output>
          </reporter-output>
        </test-method> <!-- configAfterSuite -->
      </class> <!-- com.task.tripadvisor.TripAdvisorTest -->
    </test> <!-- Default test -->
  </suite> <!-- Default suite -->
</testng-results>
